<?xml version="1.0" encoding="UTF-8"?>
<testng-results skipped="0" failed="0" ignored="0" total="2" passed="2">
  <reporter-output>
  </reporter-output>
  <suite name="Default suite" duration-ms="144" started-at="2017-09-11T08:44:56Z" finished-at="2017-09-11T08:44:56Z">
    <groups>
    </groups>
    <test name="Default test" duration-ms="144" started-at="2017-09-11T08:44:56Z" finished-at="2017-09-11T08:44:56Z">
      <class name="WebDriver.PeopleSubscribtionTest">
        <test-method status="PASS" signature="method1()[pri:0, instance:WebDriver.PeopleSubscribtionTest@eff760]" name="method1" is-config="true" duration-ms="5" started-at="2017-09-11T14:14:56Z" finished-at="2017-09-11T14:14:56Z">
          <reporter-output>
          </reporter-output>
        </test-method> <!-- method1 -->
        <test-method status="PASS" signature="Test1()[pri:0, instance:WebDriver.PeopleSubscribtionTest@eff760]" name="Test1" duration-ms="17" started-at="2017-09-11T14:14:56Z" finished-at="2017-09-11T14:14:56Z">
          <reporter-output>
          </reporter-output>
        </test-method> <!-- Test1 -->
        <test-method status="PASS" signature="method2()[pri:0, instance:WebDriver.PeopleSubscribtionTest@eff760]" name="method2" is-config="true" duration-ms="0" started-at="2017-09-11T14:14:56Z" finished-at="2017-09-11T14:14:56Z">
          <reporter-output>
          </reporter-output>
        </test-method> <!-- method2 -->
        <test-method status="PASS" signature="method1()[pri:0, instance:WebDriver.PeopleSubscribtionTest@eff760]" name="method1" is-config="true" duration-ms="0" started-at="2017-09-11T14:14:56Z" finished-at="2017-09-11T14:14:56Z">
          <reporter-output>
          </reporter-output>
        </test-method> <!-- method1 -->
        <test-method status="PASS" signature="test2()[pri:0, instance:WebDriver.PeopleSubscribtionTest@eff760]" name="test2" duration-ms="2" started-at="2017-09-11T14:14:56Z" finished-at="2017-09-11T14:14:56Z">
          <reporter-output>
          </reporter-output>
        </test-method> <!-- test2 -->
        <test-method status="PASS" signature="method2()[pri:0, instance:WebDriver.PeopleSubscribtionTest@eff760]" name="method2" is-config="true" duration-ms="0" started-at="2017-09-11T14:14:56Z" finished-at="2017-09-11T14:14:56Z">
          <reporter-output>
          </reporter-output>
        </test-method> <!-- method2 -->
      </class> <!-- WebDriver.PeopleSubscribtionTest -->
    </test> <!-- Default test -->
  </suite> <!-- Default suite -->
</testng-results>
